Flutter crash report; please file at https://github.com/flutter/flutter/issues.

## command

flutter upgrade

## exception

VersionCheckError: VersionCheckError: Command exited with code -9: git log -n 1 --pretty=format:%ad --date=iso
Standard error: 

```
#0      _runSync (package:flutter_tools/src/version.dart:525:5)
#1      FlutterVersion._latestGitCommitDate (package:flutter_tools/src/version.dart:145:12)
#2      FlutterVersion.frameworkCommitDate (package:flutter_tools/src/version.dart:133:37)
#3      FlutterVersion.toString (package:flutter_tools/src/version.dart:110:99)
#4      UpgradeCommandRunner.updatePackages (package:flutter_tools/src/commands/upgrade.dart:203:32)
<asynchronous suspension>
#5      UpgradeCommandRunner.runCommand (package:flutter_tools/src/commands/upgrade.dart:91:11)
<asynchronous suspension>
#6      UpgradeCommand.runCommand (package:flutter_tools/src/commands/upgrade.dart:48:32)
<asynchronous suspension>
#7      FlutterCommand.verifyThenRunCommand (package:flutter_tools/src/runner/flutter_command.dart:487:18)
#8      _asyncThenWrapperHelper.<anonymous closure> (dart:async-patch/async_patch.dart:77:64)
#9      _rootRunUnary (dart:async/zone.dart:1132:38)
#10     _CustomZone.runUnary (dart:async/zone.dart:1029:19)
#11     _FutureListener.handleValue (dart:async/future_impl.dart:126:18)
#12     Future._propagateToListeners.handleValueCallback (dart:async/future_impl.dart:639:45)
#13     Future._propagateToListeners (dart:async/future_impl.dart:668:32)
#14     Future._complete (dart:async/future_impl.dart:473:7)
#15     _SyncCompleter.complete (dart:async/future_impl.dart:51:12)
#16     _AsyncAwaitCompleter.complete.<anonymous closure> (dart:async-patch/async_patch.dart:33:20)
#17     _rootRun (dart:async/zone.dart:1120:38)
#18     _CustomZone.run (dart:async/zone.dart:1021:19)
#19     _CustomZone.runGuarded (dart:async/zone.dart:923:7)
#20     _CustomZone.bindCallbackGuarded.<anonymous closure> (dart:async/zone.dart:963:23)
#21     _rootRun (dart:async/zone.dart:1124:13)
#22     _CustomZone.run (dart:async/zone.dart:1021:19)
#23     _CustomZone.runGuarded (dart:async/zone.dart:923:7)
#24     _CustomZone.bindCallbackGuarded.<anonymous closure> (dart:async/zone.dart:963:23)
#25     _microtaskLoop (dart:async/schedule_microtask.dart:41:21)
#26     _startMicrotaskLoop (dart:async/schedule_microtask.dart:50:5)
#27     _runPendingImmediateCallback (dart:isolate-patch/isolate_patch.dart:116:13)
#28     _RawReceivePortImpl._handleMessage (dart:isolate-patch/isolate_patch.dart:173:5)
```

## flutter doctor

```
encountered exception: VersionCheckError: Command exited with code -9: git log -n 1 --pretty=format:%ad --date=iso
Standard error: 

#0      _runSync (package:flutter_tools/src/version.dart:525:5)
#1      FlutterVersion._latestGitCommitDate (package:flutter_tools/src/version.dart:145:12)
#2      FlutterVersion.frameworkCommitDate (package:flutter_tools/src/version.dart:133:37)
#3      FlutterVersion.frameworkDate (package:flutter_tools/src/version.dart:95:31)
#4      FlutterValidator.validate (package:flutter_tools/src/doctor.dart:508:127)
<asynchronous suspension>
#5      Doctor.startValidatorTasks (package:flutter_tools/src/doctor.dart:140:52)
#6      Doctor.diagnose (package:flutter_tools/src/doctor.dart:211:41)
<asynchronous suspension>
#7      _doctorText.<anonymous closure> (package:flutter_tools/runner.dart:195:26)
#8      AppContext.run.<anonymous closure> (package:flutter_tools/src/base/context.dart:154:29)
<asynchronous suspension>
#9      _rootRun (dart:async/zone.dart:1124:13)
#10     _CustomZone.run (dart:async/zone.dart:1021:19)
#11     _runZoned (dart:async/zone.dart:1516:10)
#12     runZoned (dart:async/zone.dart:1463:12)
#13     AppContext.run (package:flutter_tools/src/base/context.dart:153:18)
<asynchronous suspension>
#14     _doctorText (package:flutter_tools/runner.dart:194:19)
<asynchronous suspension>
#15     _createLocalCrashReport (package:flutter_tools/runner.dart:172:32)
<asynchronous suspension>
#16     _handleToolError (package:flutter_tools/runner.dart:127:33)
<asynchronous suspension>
#17     run.<anonymous closure>.<anonymous closure> (package:flutter_tools/runner.dart:65:22)
<asynchronous suspension>
#18     _rootRun (dart:async/zone.dart:1124:13)
#19     _CustomZone.run (dart:async/zone.dart:1021:19)
#20     _runZoned (dart:async/zone.dart:1516:10)
#21     runZoned (dart:async/zone.dart:1500:12)
#22     run.<anonymous closure> (package:flutter_tools/runner.dart:60:18)
<asynchronous suspension>
#23     AppContext.run.<anonymous closure> (package:flutter_tools/src/base/context.dart:154:29)
<asynchronous suspension>
#24     _rootRun (dart:async/zone.dart:1124:13)
#25     _CustomZone.run (dart:async/zone.dart:1021:19)
#26     _runZoned (dart:async/zone.dart:1516:10)
#27     runZoned (dart:async/zone.dart:1463:12)
#28     AppContext.run (package:flutter_tools/src/base/context.dart:153:18)
<asynchronous suspension>
#29     runInContext (package:flutter_tools/src/context_runner.dart:58:24)
<asynchronous suspension>
#30     run (package:flutter_tools/runner.dart:51:10)
#31     main (package:flutter_tools/executable.dart:63:9)
<asynchronous suspension>
#32     main (file:///b/s/w/ir/k/archive/flutter/packages/flutter_tools/bin/flutter_tools.dart:8:3)
#33     _startIsolate.<anonymous closure> (dart:isolate-patch/isolate_patch.dart:303:32)
#34     _RawReceivePortImpl._handleMessage (dart:isolate-patch/isolate_patch.dart:172:12)
```
